  AssetManager.cpp
  The contents of <string_view> are available only with C++17 or later.
C:\Users\David\workspaceC++\Libraries\lua\include\sol.hpp(514,25): error C7525: inline variables require at least '/std:c++17'
C:\Users\David\workspaceC++\Libraries\lua\include\sol.hpp(545,25): error C7525: inline variables require at least '/std:c++17'
C:\Users\David\workspaceC++\Libraries\lua\include\sol.hpp(576,25): error C7525: inline variables require at least '/std:c++17'
C:\Users\David\workspaceC++\Libraries\lua\include\sol.hpp(662,39): error C7525: inline variables require at least '/std:c++17'
C:\Users\David\workspaceC++\Libraries\lua\include\sol.hpp(679): message : see reference to class template instantiation 'sol::meta::meta_detail::basic_traits<it_is_noexcept,has_c_variadic,T,R,Args...>' being compiled
C:\Users\David\workspaceC++\Libraries\lua\include\sol.hpp(663,33): error C7525: inline variables require at least '/std:c++17'
C:\Users\David\workspaceC++\Libraries\lua\include\sol.hpp(664,33): error C7525: inline variables require at least '/std:c++17'
C:\Users\David\workspaceC++\Libraries\lua\include\sol.hpp(665,40): error C7525: inline variables require at least '/std:c++17'
C:\Users\David\workspaceC++\Libraries\lua\include\sol.hpp(666,40): error C7525: inline variables require at least '/std:c++17'
C:\Users\David\workspaceC++\Libraries\lua\include\sol.hpp(1110,33): error C7525: inline variables require at least '/std:c++17'
C:\Users\David\workspaceC++\Libraries\lua\include\sol.hpp(1123): message : see reference to class template instantiation 'sol::meta::meta_detail::callable_traits<RT::* ,true>' being compiled
C:\Users\David\workspaceC++\Libraries\lua\include\sol.hpp(1111,33): error C7525: inline variables require at least '/std:c++17'
C:\Users\David\workspaceC++\Libraries\lua\include\sol.hpp(1112,40): error C7525: inline variables require at least '/std:c++17'
C:\Users\David\workspaceC++\Libraries\lua\include\sol.hpp(1113,40): error C7525: inline variables require at least '/std:c++17'
C:\Users\David\workspaceC++\Libraries\lua\include\sol.hpp(1160,25): error C7525: inline variables require at least '/std:c++17'
C:\Users\David\workspaceC++\Libraries\lua\include\sol.hpp(1178,4): warning C4984: 'if constexpr' is a C++17 language extension
C:\Users\David\workspaceC++\Libraries\lua\include\sol.hpp(1189,4): warning C4984: 'if constexpr' is a C++17 language extension
C:\Users\David\workspaceC++\Libraries\lua\include\sol.hpp(1226,33): error C2039: 'basic_string_view': is not a member of 'std'
C:\Program Files (x86)\Microsoft Visual Studio\2019\Community\VC\Tools\MSVC\14.26.28801\include\functional(28): message : see declaration of 'std'
C:\Users\David\workspaceC++\Libraries\lua\include\sol.hpp(1226,56): error C2061: syntax error: identifier 'basic_string_view'
C:\Users\David\workspaceC++\Libraries\lua\include\sol.hpp(1228,15): error C2039: 'string_view': is not a member of 'std'
C:\Program Files (x86)\Microsoft Visual Studio\2019\Community\VC\Tools\MSVC\14.26.28801\include\functional(28): message : see declaration of 'std'
C:\Users\David\workspaceC++\Libraries\lua\include\sol.hpp(1229,15): error C2039: 'wstring_view': is not a member of 'std'
C:\Program Files (x86)\Microsoft Visual Studio\2019\Community\VC\Tools\MSVC\14.26.28801\include\functional(28): message : see declaration of 'std'
C:\Users\David\workspaceC++\Libraries\lua\include\sol.hpp(1229,28): error C2146: syntax error: missing ';' before identifier 'wstring_view'
C:\Users\David\workspaceC++\Libraries\lua\include\sol.hpp(1230,15): error C2039: 'u16string_view': is not a member of 'std'
C:\Program Files (x86)\Microsoft Visual Studio\2019\Community\VC\Tools\MSVC\14.26.28801\include\functional(28): message : see declaration of 'std'
C:\Users\David\workspaceC++\Libraries\lua\include\sol.hpp(1230,30): error C2146: syntax error: missing ';' before identifier 'u16string_view'
C:\Users\David\workspaceC++\Libraries\lua\include\sol.hpp(1231,15): error C2039: 'u32string_view': is not a member of 'std'
C:\Program Files (x86)\Microsoft Visual Studio\2019\Community\VC\Tools\MSVC\14.26.28801\include\functional(28): message : see declaration of 'std'
C:\Users\David\workspaceC++\Libraries\lua\include\sol.hpp(1231,30): error C2146: syntax error: missing ';' before identifier 'u32string_view'
C:\Users\David\workspaceC++\Libraries\lua\include\sol.hpp(1232,25): error C2039: 'string_view': is not a member of 'std'
C:\Program Files (x86)\Microsoft Visual Studio\2019\Community\VC\Tools\MSVC\14.26.28801\include\functional(28): message : see declaration of 'std'
C:\Users\David\workspaceC++\Libraries\lua\include\sol.hpp(1232,36): error C2065: 'string_view': undeclared identifier
C:\Users\David\workspaceC++\Libraries\lua\include\sol.hpp(1232,15): error C2923: 'std::hash': 'string_view' is not a valid template type argument for parameter '_Kty'
C:\Program Files (x86)\Microsoft Visual Studio\2019\Community\VC\Tools\MSVC\14.26.28801\include\algorithm(24,49): error C2279: exception specification cannot appear in a typedef declaration
C:\Program Files (x86)\Microsoft Visual Studio\2019\Community\VC\Tools\MSVC\14.26.28801\include\algorithm(34,73): error C2279: exception specification cannot appear in a typedef declaration
C:\Program Files (x86)\Microsoft Visual Studio\2019\Community\VC\Tools\MSVC\14.26.28801\include\algorithm(41,37): error C2631: '_Optimistic_temporary_buffer': a class or enum cannot be defined in an alias template
C:\Users\David\workspaceC++\SDLGame\SDLGame\AssetManager.cpp : error C2988: unrecognizable template declaration/definition
C:\Users\David\workspaceC++\SDLGame\SDLGame\AssetManager.cpp : error C2059: syntax error: 'namespace'
C:\Users\David\workspaceC++\SDLGame\SDLGame\AssetManager.cpp : fatal error C1903: unable to recover from previous error(s); stopping compilation
  EntityManager.cpp
  The contents of <string_view> are available only with C++17 or later.
C:\Users\David\workspaceC++\Libraries\lua\include\sol.hpp(514,25): error C7525: inline variables require at least '/std:c++17'
C:\Users\David\workspaceC++\Libraries\lua\include\sol.hpp(545,25): error C7525: inline variables require at least '/std:c++17'
C:\Users\David\workspaceC++\Libraries\lua\include\sol.hpp(576,25): error C7525: inline variables require at least '/std:c++17'
C:\Users\David\workspaceC++\Libraries\lua\include\sol.hpp(662,39): error C7525: inline variables require at least '/std:c++17'
C:\Users\David\workspaceC++\Libraries\lua\include\sol.hpp(679): message : see reference to class template instantiation 'sol::meta::meta_detail::basic_traits<it_is_noexcept,has_c_variadic,T,R,Args...>' being compiled
C:\Users\David\workspaceC++\Libraries\lua\include\sol.hpp(663,33): error C7525: inline variables require at least '/std:c++17'
C:\Users\David\workspaceC++\Libraries\lua\include\sol.hpp(664,33): error C7525: inline variables require at least '/std:c++17'
C:\Users\David\workspaceC++\Libraries\lua\include\sol.hpp(665,40): error C7525: inline variables require at least '/std:c++17'
C:\Users\David\workspaceC++\Libraries\lua\include\sol.hpp(666,40): error C7525: inline variables require at least '/std:c++17'
C:\Users\David\workspaceC++\Libraries\lua\include\sol.hpp(1110,33): error C7525: inline variables require at least '/std:c++17'
C:\Users\David\workspaceC++\Libraries\lua\include\sol.hpp(1123): message : see reference to class template instantiation 'sol::meta::meta_detail::callable_traits<RT::* ,true>' being compiled
C:\Users\David\workspaceC++\Libraries\lua\include\sol.hpp(1111,33): error C7525: inline variables require at least '/std:c++17'
C:\Users\David\workspaceC++\Libraries\lua\include\sol.hpp(1112,40): error C7525: inline variables require at least '/std:c++17'
C:\Users\David\workspaceC++\Libraries\lua\include\sol.hpp(1113,40): error C7525: inline variables require at least '/std:c++17'
C:\Users\David\workspaceC++\Libraries\lua\include\sol.hpp(1160,25): error C7525: inline variables require at least '/std:c++17'
C:\Users\David\workspaceC++\Libraries\lua\include\sol.hpp(1178,4): warning C4984: 'if constexpr' is a C++17 language extension
C:\Users\David\workspaceC++\Libraries\lua\include\sol.hpp(1189,4): warning C4984: 'if constexpr' is a C++17 language extension
C:\Users\David\workspaceC++\Libraries\lua\include\sol.hpp(1226,33): error C2039: 'basic_string_view': is not a member of 'std'
C:\Program Files (x86)\Microsoft Visual Studio\2019\Community\VC\Tools\MSVC\14.26.28801\include\functional(28): message : see declaration of 'std'
C:\Users\David\workspaceC++\Libraries\lua\include\sol.hpp(1226,56): error C2061: syntax error: identifier 'basic_string_view'
C:\Users\David\workspaceC++\Libraries\lua\include\sol.hpp(1228,15): error C2039: 'string_view': is not a member of 'std'
C:\Program Files (x86)\Microsoft Visual Studio\2019\Community\VC\Tools\MSVC\14.26.28801\include\functional(28): message : see declaration of 'std'
C:\Users\David\workspaceC++\Libraries\lua\include\sol.hpp(1229,15): error C2039: 'wstring_view': is not a member of 'std'
C:\Program Files (x86)\Microsoft Visual Studio\2019\Community\VC\Tools\MSVC\14.26.28801\include\functional(28): message : see declaration of 'std'
C:\Users\David\workspaceC++\Libraries\lua\include\sol.hpp(1229,28): error C2146: syntax error: missing ';' before identifier 'wstring_view'
C:\Users\David\workspaceC++\Libraries\lua\include\sol.hpp(1230,15): error C2039: 'u16string_view': is not a member of 'std'
C:\Program Files (x86)\Microsoft Visual Studio\2019\Community\VC\Tools\MSVC\14.26.28801\include\functional(28): message : see declaration of 'std'
C:\Users\David\workspaceC++\Libraries\lua\include\sol.hpp(1230,30): error C2146: syntax error: missing ';' before identifier 'u16string_view'
C:\Users\David\workspaceC++\Libraries\lua\include\sol.hpp(1231,15): error C2039: 'u32string_view': is not a member of 'std'
C:\Program Files (x86)\Microsoft Visual Studio\2019\Community\VC\Tools\MSVC\14.26.28801\include\functional(28): message : see declaration of 'std'
C:\Users\David\workspaceC++\Libraries\lua\include\sol.hpp(1231,30): error C2146: syntax error: missing ';' before identifier 'u32string_view'
C:\Users\David\workspaceC++\Libraries\lua\include\sol.hpp(1232,25): error C2039: 'string_view': is not a member of 'std'
C:\Program Files (x86)\Microsoft Visual Studio\2019\Community\VC\Tools\MSVC\14.26.28801\include\functional(28): message : see declaration of 'std'
C:\Users\David\workspaceC++\Libraries\lua\include\sol.hpp(1232,36): error C2065: 'string_view': undeclared identifier
C:\Users\David\workspaceC++\Libraries\lua\include\sol.hpp(1232,15): error C2923: 'std::hash': 'string_view' is not a valid template type argument for parameter '_Kty'
C:\Program Files (x86)\Microsoft Visual Studio\2019\Community\VC\Tools\MSVC\14.26.28801\include\algorithm(24,49): error C2279: exception specification cannot appear in a typedef declaration
C:\Program Files (x86)\Microsoft Visual Studio\2019\Community\VC\Tools\MSVC\14.26.28801\include\algorithm(34,73): error C2279: exception specification cannot appear in a typedef declaration
C:\Program Files (x86)\Microsoft Visual Studio\2019\Community\VC\Tools\MSVC\14.26.28801\include\algorithm(41,37): error C2631: '_Optimistic_temporary_buffer': a class or enum cannot be defined in an alias template
C:\Users\David\workspaceC++\SDLGame\SDLGame\EntityManager.cpp : error C2988: unrecognizable template declaration/definition
C:\Users\David\workspaceC++\SDLGame\SDLGame\EntityManager.cpp : error C2059: syntax error: 'namespace'
C:\Users\David\workspaceC++\SDLGame\SDLGame\EntityManager.cpp : fatal error C1903: unable to recover from previous error(s); stopping compilation
  FontManager.cpp
  The contents of <string_view> are available only with C++17 or later.
C:\Users\David\workspaceC++\Libraries\lua\include\sol.hpp(514,25): error C7525: inline variables require at least '/std:c++17'
C:\Users\David\workspaceC++\Libraries\lua\include\sol.hpp(545,25): error C7525: inline variables require at least '/std:c++17'
C:\Users\David\workspaceC++\Libraries\lua\include\sol.hpp(576,25): error C7525: inline variables require at least '/std:c++17'
C:\Users\David\workspaceC++\Libraries\lua\include\sol.hpp(662,39): error C7525: inline variables require at least '/std:c++17'
C:\Users\David\workspaceC++\Libraries\lua\include\sol.hpp(679): message : see reference to class template instantiation 'sol::meta::meta_detail::basic_traits<it_is_noexcept,has_c_variadic,T,R,Args...>' being compiled
C:\Users\David\workspaceC++\Libraries\lua\include\sol.hpp(663,33): error C7525: inline variables require at least '/std:c++17'
C:\Users\David\workspaceC++\Libraries\lua\include\sol.hpp(664,33): error C7525: inline variables require at least '/std:c++17'
C:\Users\David\workspaceC++\Libraries\lua\include\sol.hpp(665,40): error C7525: inline variables require at least '/std:c++17'
C:\Users\David\workspaceC++\Libraries\lua\include\sol.hpp(666,40): error C7525: inline variables require at least '/std:c++17'
C:\Users\David\workspaceC++\Libraries\lua\include\sol.hpp(1110,33): error C7525: inline variables require at least '/std:c++17'
C:\Users\David\workspaceC++\Libraries\lua\include\sol.hpp(1123): message : see reference to class template instantiation 'sol::meta::meta_detail::callable_traits<RT::* ,true>' being compiled
C:\Users\David\workspaceC++\Libraries\lua\include\sol.hpp(1111,33): error C7525: inline variables require at least '/std:c++17'
C:\Users\David\workspaceC++\Libraries\lua\include\sol.hpp(1112,40): error C7525: inline variables require at least '/std:c++17'
C:\Users\David\workspaceC++\Libraries\lua\include\sol.hpp(1113,40): error C7525: inline variables require at least '/std:c++17'
C:\Users\David\workspaceC++\Libraries\lua\include\sol.hpp(1160,25): error C7525: inline variables require at least '/std:c++17'
C:\Users\David\workspaceC++\Libraries\lua\include\sol.hpp(1178,4): warning C4984: 'if constexpr' is a C++17 language extension
C:\Users\David\workspaceC++\Libraries\lua\include\sol.hpp(1189,4): warning C4984: 'if constexpr' is a C++17 language extension
C:\Users\David\workspaceC++\Libraries\lua\include\sol.hpp(1226,33): error C2039: 'basic_string_view': is not a member of 'std'
C:\Program Files (x86)\Microsoft Visual Studio\2019\Community\VC\Tools\MSVC\14.26.28801\include\functional(28): message : see declaration of 'std'
C:\Users\David\workspaceC++\Libraries\lua\include\sol.hpp(1226,56): error C2061: syntax error: identifier 'basic_string_view'
C:\Users\David\workspaceC++\Libraries\lua\include\sol.hpp(1228,15): error C2039: 'string_view': is not a member of 'std'
C:\Program Files (x86)\Microsoft Visual Studio\2019\Community\VC\Tools\MSVC\14.26.28801\include\functional(28): message : see declaration of 'std'
C:\Users\David\workspaceC++\Libraries\lua\include\sol.hpp(1229,15): error C2039: 'wstring_view': is not a member of 'std'
C:\Program Files (x86)\Microsoft Visual Studio\2019\Community\VC\Tools\MSVC\14.26.28801\include\functional(28): message : see declaration of 'std'
C:\Users\David\workspaceC++\Libraries\lua\include\sol.hpp(1229,28): error C2146: syntax error: missing ';' before identifier 'wstring_view'
C:\Users\David\workspaceC++\Libraries\lua\include\sol.hpp(1230,15): error C2039: 'u16string_view': is not a member of 'std'
C:\Program Files (x86)\Microsoft Visual Studio\2019\Community\VC\Tools\MSVC\14.26.28801\include\functional(28): message : see declaration of 'std'
C:\Users\David\workspaceC++\Libraries\lua\include\sol.hpp(1230,30): error C2146: syntax error: missing ';' before identifier 'u16string_view'
C:\Users\David\workspaceC++\Libraries\lua\include\sol.hpp(1231,15): error C2039: 'u32string_view': is not a member of 'std'
C:\Program Files (x86)\Microsoft Visual Studio\2019\Community\VC\Tools\MSVC\14.26.28801\include\functional(28): message : see declaration of 'std'
C:\Users\David\workspaceC++\Libraries\lua\include\sol.hpp(1231,30): error C2146: syntax error: missing ';' before identifier 'u32string_view'
C:\Users\David\workspaceC++\Libraries\lua\include\sol.hpp(1232,25): error C2039: 'string_view': is not a member of 'std'
C:\Program Files (x86)\Microsoft Visual Studio\2019\Community\VC\Tools\MSVC\14.26.28801\include\functional(28): message : see declaration of 'std'
C:\Users\David\workspaceC++\Libraries\lua\include\sol.hpp(1232,36): error C2065: 'string_view': undeclared identifier
C:\Users\David\workspaceC++\Libraries\lua\include\sol.hpp(1232,15): error C2923: 'std::hash': 'string_view' is not a valid template type argument for parameter '_Kty'
C:\Program Files (x86)\Microsoft Visual Studio\2019\Community\VC\Tools\MSVC\14.26.28801\include\memory(424,66): error C2631: 'raw_storage_iterator': a class or enum cannot be defined in an alias template
C:\Users\David\workspaceC++\SDLGame\SDLGame\FontManager.cpp : error C2988: unrecognizable template declaration/definition
C:\Users\David\workspaceC++\SDLGame\SDLGame\FontManager.cpp : error C2059: syntax error: 'extern'
C:\Users\David\workspaceC++\SDLGame\SDLGame\FontManager.cpp : fatal error C1903: unable to recover from previous error(s); stopping compilation
  Game.cpp
  The contents of <string_view> are available only with C++17 or later.
C:\Users\David\workspaceC++\Libraries\lua\include\sol.hpp(514,25): error C7525: inline variables require at least '/std:c++17'
C:\Users\David\workspaceC++\Libraries\lua\include\sol.hpp(545,25): error C7525: inline variables require at least '/std:c++17'
C:\Users\David\workspaceC++\Libraries\lua\include\sol.hpp(576,25): error C7525: inline variables require at least '/std:c++17'
C:\Users\David\workspaceC++\Libraries\lua\include\sol.hpp(662,39): error C7525: inline variables require at least '/std:c++17'
C:\Users\David\workspaceC++\Libraries\lua\include\sol.hpp(679): message : see reference to class template instantiation 'sol::meta::meta_detail::basic_traits<it_is_noexcept,has_c_variadic,T,R,Args...>' being compiled
C:\Users\David\workspaceC++\Libraries\lua\include\sol.hpp(663,33): error C7525: inline variables require at least '/std:c++17'
C:\Users\David\workspaceC++\Libraries\lua\include\sol.hpp(664,33): error C7525: inline variables require at least '/std:c++17'
C:\Users\David\workspaceC++\Libraries\lua\include\sol.hpp(665,40): error C7525: inline variables require at least '/std:c++17'
C:\Users\David\workspaceC++\Libraries\lua\include\sol.hpp(666,40): error C7525: inline variables require at least '/std:c++17'
C:\Users\David\workspaceC++\Libraries\lua\include\sol.hpp(1110,33): error C7525: inline variables require at least '/std:c++17'
C:\Users\David\workspaceC++\Libraries\lua\include\sol.hpp(1123): message : see reference to class template instantiation 'sol::meta::meta_detail::callable_traits<RT::* ,true>' being compiled
C:\Users\David\workspaceC++\Libraries\lua\include\sol.hpp(1111,33): error C7525: inline variables require at least '/std:c++17'
C:\Users\David\workspaceC++\Libraries\lua\include\sol.hpp(1112,40): error C7525: inline variables require at least '/std:c++17'
C:\Users\David\workspaceC++\Libraries\lua\include\sol.hpp(1113,40): error C7525: inline variables require at least '/std:c++17'
C:\Users\David\workspaceC++\Libraries\lua\include\sol.hpp(1160,25): error C7525: inline variables require at least '/std:c++17'
C:\Users\David\workspaceC++\Libraries\lua\include\sol.hpp(1178,4): warning C4984: 'if constexpr' is a C++17 language extension
C:\Users\David\workspaceC++\Libraries\lua\include\sol.hpp(1189,4): warning C4984: 'if constexpr' is a C++17 language extension
C:\Users\David\workspaceC++\Libraries\lua\include\sol.hpp(1226,33): error C2039: 'basic_string_view': is not a member of 'std'
C:\Program Files (x86)\Microsoft Visual Studio\2019\Community\VC\Tools\MSVC\14.26.28801\include\functional(28): message : see declaration of 'std'
C:\Users\David\workspaceC++\Libraries\lua\include\sol.hpp(1226,56): error C2061: syntax error: identifier 'basic_string_view'
C:\Users\David\workspaceC++\Libraries\lua\include\sol.hpp(1228,15): error C2039: 'string_view': is not a member of 'std'
C:\Program Files (x86)\Microsoft Visual Studio\2019\Community\VC\Tools\MSVC\14.26.28801\include\functional(28): message : see declaration of 'std'
C:\Users\David\workspaceC++\Libraries\lua\include\sol.hpp(1229,15): error C2039: 'wstring_view': is not a member of 'std'
C:\Program Files (x86)\Microsoft Visual Studio\2019\Community\VC\Tools\MSVC\14.26.28801\include\functional(28): message : see declaration of 'std'
C:\Users\David\workspaceC++\Libraries\lua\include\sol.hpp(1229,28): error C2146: syntax error: missing ';' before identifier 'wstring_view'
C:\Users\David\workspaceC++\Libraries\lua\include\sol.hpp(1230,15): error C2039: 'u16string_view': is not a member of 'std'
C:\Program Files (x86)\Microsoft Visual Studio\2019\Community\VC\Tools\MSVC\14.26.28801\include\functional(28): message : see declaration of 'std'
C:\Users\David\workspaceC++\Libraries\lua\include\sol.hpp(1230,30): error C2146: syntax error: missing ';' before identifier 'u16string_view'
C:\Users\David\workspaceC++\Libraries\lua\include\sol.hpp(1231,15): error C2039: 'u32string_view': is not a member of 'std'
C:\Program Files (x86)\Microsoft Visual Studio\2019\Community\VC\Tools\MSVC\14.26.28801\include\functional(28): message : see declaration of 'std'
C:\Users\David\workspaceC++\Libraries\lua\include\sol.hpp(1231,30): error C2146: syntax error: missing ';' before identifier 'u32string_view'
C:\Users\David\workspaceC++\Libraries\lua\include\sol.hpp(1232,25): error C2039: 'string_view': is not a member of 'std'
C:\Program Files (x86)\Microsoft Visual Studio\2019\Community\VC\Tools\MSVC\14.26.28801\include\functional(28): message : see declaration of 'std'
C:\Users\David\workspaceC++\Libraries\lua\include\sol.hpp(1232,36): error C2065: 'string_view': undeclared identifier
C:\Users\David\workspaceC++\Libraries\lua\include\sol.hpp(1232,15): error C2923: 'std::hash': 'string_view' is not a valid template type argument for parameter '_Kty'
C:\Program Files (x86)\Microsoft Visual Studio\2019\Community\VC\Tools\MSVC\14.26.28801\include\algorithm(24,49): error C2279: exception specification cannot appear in a typedef declaration
C:\Program Files (x86)\Microsoft Visual Studio\2019\Community\VC\Tools\MSVC\14.26.28801\include\algorithm(34,73): error C2279: exception specification cannot appear in a typedef declaration
C:\Program Files (x86)\Microsoft Visual Studio\2019\Community\VC\Tools\MSVC\14.26.28801\include\algorithm(41,37): error C2631: '_Optimistic_temporary_buffer': a class or enum cannot be defined in an alias template
C:\Users\David\workspaceC++\SDLGame\SDLGame\Game.cpp : error C2988: unrecognizable template declaration/definition
C:\Users\David\workspaceC++\SDLGame\SDLGame\Game.cpp : error C2059: syntax error: 'namespace'
C:\Users\David\workspaceC++\SDLGame\SDLGame\Game.cpp : fatal error C1903: unable to recover from previous error(s); stopping compilation
  main.cpp
  The contents of <string_view> are available only with C++17 or later.
C:\Users\David\workspaceC++\Libraries\lua\include\sol.hpp(514,25): error C7525: inline variables require at least '/std:c++17'
C:\Users\David\workspaceC++\Libraries\lua\include\sol.hpp(545,25): error C7525: inline variables require at least '/std:c++17'
C:\Users\David\workspaceC++\Libraries\lua\include\sol.hpp(576,25): error C7525: inline variables require at least '/std:c++17'
C:\Users\David\workspaceC++\Libraries\lua\include\sol.hpp(662,39): error C7525: inline variables require at least '/std:c++17'
C:\Users\David\workspaceC++\Libraries\lua\include\sol.hpp(679): message : see reference to class template instantiation 'sol::meta::meta_detail::basic_traits<it_is_noexcept,has_c_variadic,T,R,Args...>' being compiled
C:\Users\David\workspaceC++\Libraries\lua\include\sol.hpp(663,33): error C7525: inline variables require at least '/std:c++17'
C:\Users\David\workspaceC++\Libraries\lua\include\sol.hpp(664,33): error C7525: inline variables require at least '/std:c++17'
C:\Users\David\workspaceC++\Libraries\lua\include\sol.hpp(665,40): error C7525: inline variables require at least '/std:c++17'
C:\Users\David\workspaceC++\Libraries\lua\include\sol.hpp(666,40): error C7525: inline variables require at least '/std:c++17'
C:\Users\David\workspaceC++\Libraries\lua\include\sol.hpp(1110,33): error C7525: inline variables require at least '/std:c++17'
C:\Users\David\workspaceC++\Libraries\lua\include\sol.hpp(1123): message : see reference to class template instantiation 'sol::meta::meta_detail::callable_traits<RT::* ,true>' being compiled
C:\Users\David\workspaceC++\Libraries\lua\include\sol.hpp(1111,33): error C7525: inline variables require at least '/std:c++17'
C:\Users\David\workspaceC++\Libraries\lua\include\sol.hpp(1112,40): error C7525: inline variables require at least '/std:c++17'
C:\Users\David\workspaceC++\Libraries\lua\include\sol.hpp(1113,40): error C7525: inline variables require at least '/std:c++17'
C:\Users\David\workspaceC++\Libraries\lua\include\sol.hpp(1160,25): error C7525: inline variables require at least '/std:c++17'
C:\Users\David\workspaceC++\Libraries\lua\include\sol.hpp(1178,4): warning C4984: 'if constexpr' is a C++17 language extension
C:\Users\David\workspaceC++\Libraries\lua\include\sol.hpp(1189,4): warning C4984: 'if constexpr' is a C++17 language extension
C:\Users\David\workspaceC++\Libraries\lua\include\sol.hpp(1226,33): error C2039: 'basic_string_view': is not a member of 'std'
C:\Program Files (x86)\Microsoft Visual Studio\2019\Community\VC\Tools\MSVC\14.26.28801\include\functional(28): message : see declaration of 'std'
C:\Users\David\workspaceC++\Libraries\lua\include\sol.hpp(1226,56): error C2061: syntax error: identifier 'basic_string_view'
C:\Users\David\workspaceC++\Libraries\lua\include\sol.hpp(1228,15): error C2039: 'string_view': is not a member of 'std'
C:\Program Files (x86)\Microsoft Visual Studio\2019\Community\VC\Tools\MSVC\14.26.28801\include\functional(28): message : see declaration of 'std'
C:\Users\David\workspaceC++\Libraries\lua\include\sol.hpp(1229,15): error C2039: 'wstring_view': is not a member of 'std'
C:\Program Files (x86)\Microsoft Visual Studio\2019\Community\VC\Tools\MSVC\14.26.28801\include\functional(28): message : see declaration of 'std'
C:\Users\David\workspaceC++\Libraries\lua\include\sol.hpp(1229,28): error C2146: syntax error: missing ';' before identifier 'wstring_view'
C:\Users\David\workspaceC++\Libraries\lua\include\sol.hpp(1230,15): error C2039: 'u16string_view': is not a member of 'std'
C:\Program Files (x86)\Microsoft Visual Studio\2019\Community\VC\Tools\MSVC\14.26.28801\include\functional(28): message : see declaration of 'std'
C:\Users\David\workspaceC++\Libraries\lua\include\sol.hpp(1230,30): error C2146: syntax error: missing ';' before identifier 'u16string_view'
C:\Users\David\workspaceC++\Libraries\lua\include\sol.hpp(1231,15): error C2039: 'u32string_view': is not a member of 'std'
C:\Program Files (x86)\Microsoft Visual Studio\2019\Community\VC\Tools\MSVC\14.26.28801\include\functional(28): message : see declaration of 'std'
C:\Users\David\workspaceC++\Libraries\lua\include\sol.hpp(1231,30): error C2146: syntax error: missing ';' before identifier 'u32string_view'
C:\Users\David\workspaceC++\Libraries\lua\include\sol.hpp(1232,25): error C2039: 'string_view': is not a member of 'std'
C:\Program Files (x86)\Microsoft Visual Studio\2019\Community\VC\Tools\MSVC\14.26.28801\include\functional(28): message : see declaration of 'std'
C:\Users\David\workspaceC++\Libraries\lua\include\sol.hpp(1232,36): error C2065: 'string_view': undeclared identifier
C:\Users\David\workspaceC++\Libraries\lua\include\sol.hpp(1232,15): error C2923: 'std::hash': 'string_view' is not a valid template type argument for parameter '_Kty'
C:\Program Files (x86)\Microsoft Visual Studio\2019\Community\VC\Tools\MSVC\14.26.28801\include\algorithm(24,49): error C2279: exception specification cannot appear in a typedef declaration
C:\Program Files (x86)\Microsoft Visual Studio\2019\Community\VC\Tools\MSVC\14.26.28801\include\algorithm(34,73): error C2279: exception specification cannot appear in a typedef declaration
C:\Program Files (x86)\Microsoft Visual Studio\2019\Community\VC\Tools\MSVC\14.26.28801\include\algorithm(41,37): error C2631: '_Optimistic_temporary_buffer': a class or enum cannot be defined in an alias template
C:\Users\David\workspaceC++\SDLGame\SDLGame\main.cpp : error C2988: unrecognizable template declaration/definition
C:\Users\David\workspaceC++\SDLGame\SDLGame\main.cpp : error C2059: syntax error: 'namespace'
C:\Users\David\workspaceC++\SDLGame\SDLGame\main.cpp : fatal error C1903: unable to recover from previous error(s); stopping compilation
  Map.cpp
  The contents of <string_view> are available only with C++17 or later.
C:\Users\David\workspaceC++\Libraries\lua\include\sol.hpp(514,25): error C7525: inline variables require at least '/std:c++17'
C:\Users\David\workspaceC++\Libraries\lua\include\sol.hpp(545,25): error C7525: inline variables require at least '/std:c++17'
C:\Users\David\workspaceC++\Libraries\lua\include\sol.hpp(576,25): error C7525: inline variables require at least '/std:c++17'
C:\Users\David\workspaceC++\Libraries\lua\include\sol.hpp(662,39): error C7525: inline variables require at least '/std:c++17'
C:\Users\David\workspaceC++\Libraries\lua\include\sol.hpp(679): message : see reference to class template instantiation 'sol::meta::meta_detail::basic_traits<it_is_noexcept,has_c_variadic,T,R,Args...>' being compiled
C:\Users\David\workspaceC++\Libraries\lua\include\sol.hpp(663,33): error C7525: inline variables require at least '/std:c++17'
C:\Users\David\workspaceC++\Libraries\lua\include\sol.hpp(664,33): error C7525: inline variables require at least '/std:c++17'
C:\Users\David\workspaceC++\Libraries\lua\include\sol.hpp(665,40): error C7525: inline variables require at least '/std:c++17'
C:\Users\David\workspaceC++\Libraries\lua\include\sol.hpp(666,40): error C7525: inline variables require at least '/std:c++17'
C:\Users\David\workspaceC++\Libraries\lua\include\sol.hpp(1110,33): error C7525: inline variables require at least '/std:c++17'
C:\Users\David\workspaceC++\Libraries\lua\include\sol.hpp(1123): message : see reference to class template instantiation 'sol::meta::meta_detail::callable_traits<RT::* ,true>' being compiled
C:\Users\David\workspaceC++\Libraries\lua\include\sol.hpp(1111,33): error C7525: inline variables require at least '/std:c++17'
C:\Users\David\workspaceC++\Libraries\lua\include\sol.hpp(1112,40): error C7525: inline variables require at least '/std:c++17'
C:\Users\David\workspaceC++\Libraries\lua\include\sol.hpp(1113,40): error C7525: inline variables require at least '/std:c++17'
C:\Users\David\workspaceC++\Libraries\lua\include\sol.hpp(1160,25): error C7525: inline variables require at least '/std:c++17'
C:\Users\David\workspaceC++\Libraries\lua\include\sol.hpp(1178,4): warning C4984: 'if constexpr' is a C++17 language extension
C:\Users\David\workspaceC++\Libraries\lua\include\sol.hpp(1189,4): warning C4984: 'if constexpr' is a C++17 language extension
C:\Users\David\workspaceC++\Libraries\lua\include\sol.hpp(1226,33): error C2039: 'basic_string_view': is not a member of 'std'
C:\Program Files (x86)\Microsoft Visual Studio\2019\Community\VC\Tools\MSVC\14.26.28801\include\functional(28): message : see declaration of 'std'
C:\Users\David\workspaceC++\Libraries\lua\include\sol.hpp(1226,56): error C2061: syntax error: identifier 'basic_string_view'
C:\Users\David\workspaceC++\Libraries\lua\include\sol.hpp(1228,15): error C2039: 'string_view': is not a member of 'std'
C:\Program Files (x86)\Microsoft Visual Studio\2019\Community\VC\Tools\MSVC\14.26.28801\include\functional(28): message : see declaration of 'std'
C:\Users\David\workspaceC++\Libraries\lua\include\sol.hpp(1229,15): error C2039: 'wstring_view': is not a member of 'std'
C:\Program Files (x86)\Microsoft Visual Studio\2019\Community\VC\Tools\MSVC\14.26.28801\include\functional(28): message : see declaration of 'std'
C:\Users\David\workspaceC++\Libraries\lua\include\sol.hpp(1229,28): error C2146: syntax error: missing ';' before identifier 'wstring_view'
C:\Users\David\workspaceC++\Libraries\lua\include\sol.hpp(1230,15): error C2039: 'u16string_view': is not a member of 'std'
C:\Program Files (x86)\Microsoft Visual Studio\2019\Community\VC\Tools\MSVC\14.26.28801\include\functional(28): message : see declaration of 'std'
C:\Users\David\workspaceC++\Libraries\lua\include\sol.hpp(1230,30): error C2146: syntax error: missing ';' before identifier 'u16string_view'
C:\Users\David\workspaceC++\Libraries\lua\include\sol.hpp(1231,15): error C2039: 'u32string_view': is not a member of 'std'
C:\Program Files (x86)\Microsoft Visual Studio\2019\Community\VC\Tools\MSVC\14.26.28801\include\functional(28): message : see declaration of 'std'
C:\Users\David\workspaceC++\Libraries\lua\include\sol.hpp(1231,30): error C2146: syntax error: missing ';' before identifier 'u32string_view'
C:\Users\David\workspaceC++\Libraries\lua\include\sol.hpp(1232,25): error C2039: 'string_view': is not a member of 'std'
C:\Program Files (x86)\Microsoft Visual Studio\2019\Community\VC\Tools\MSVC\14.26.28801\include\functional(28): message : see declaration of 'std'
C:\Users\David\workspaceC++\Libraries\lua\include\sol.hpp(1232,36): error C2065: 'string_view': undeclared identifier
C:\Users\David\workspaceC++\Libraries\lua\include\sol.hpp(1232,15): error C2923: 'std::hash': 'string_view' is not a valid template type argument for parameter '_Kty'
C:\Program Files (x86)\Microsoft Visual Studio\2019\Community\VC\Tools\MSVC\14.26.28801\include\algorithm(24,49): error C2279: exception specification cannot appear in a typedef declaration
C:\Program Files (x86)\Microsoft Visual Studio\2019\Community\VC\Tools\MSVC\14.26.28801\include\algorithm(34,73): error C2279: exception specification cannot appear in a typedef declaration
C:\Program Files (x86)\Microsoft Visual Studio\2019\Community\VC\Tools\MSVC\14.26.28801\include\algorithm(41,37): error C2631: '_Optimistic_temporary_buffer': a class or enum cannot be defined in an alias template
C:\Users\David\workspaceC++\SDLGame\SDLGame\Map.cpp : error C2988: unrecognizable template declaration/definition
C:\Users\David\workspaceC++\SDLGame\SDLGame\Map.cpp : error C2059: syntax error: 'namespace'
C:\Users\David\workspaceC++\SDLGame\SDLGame\Map.cpp : fatal error C1903: unable to recover from previous error(s); stopping compilation
  TextureManager.cpp
  The contents of <string_view> are available only with C++17 or later.
C:\Users\David\workspaceC++\Libraries\lua\include\sol.hpp(514,25): error C7525: inline variables require at least '/std:c++17'
C:\Users\David\workspaceC++\Libraries\lua\include\sol.hpp(545,25): error C7525: inline variables require at least '/std:c++17'
C:\Users\David\workspaceC++\Libraries\lua\include\sol.hpp(576,25): error C7525: inline variables require at least '/std:c++17'
C:\Users\David\workspaceC++\Libraries\lua\include\sol.hpp(662,39): error C7525: inline variables require at least '/std:c++17'
C:\Users\David\workspaceC++\Libraries\lua\include\sol.hpp(679): message : see reference to class template instantiation 'sol::meta::meta_detail::basic_traits<it_is_noexcept,has_c_variadic,T,R,Args...>' being compiled
C:\Users\David\workspaceC++\Libraries\lua\include\sol.hpp(663,33): error C7525: inline variables require at least '/std:c++17'
C:\Users\David\workspaceC++\Libraries\lua\include\sol.hpp(664,33): error C7525: inline variables require at least '/std:c++17'
C:\Users\David\workspaceC++\Libraries\lua\include\sol.hpp(665,40): error C7525: inline variables require at least '/std:c++17'
C:\Users\David\workspaceC++\Libraries\lua\include\sol.hpp(666,40): error C7525: inline variables require at least '/std:c++17'
C:\Users\David\workspaceC++\Libraries\lua\include\sol.hpp(1110,33): error C7525: inline variables require at least '/std:c++17'
C:\Users\David\workspaceC++\Libraries\lua\include\sol.hpp(1123): message : see reference to class template instantiation 'sol::meta::meta_detail::callable_traits<RT::* ,true>' being compiled
C:\Users\David\workspaceC++\Libraries\lua\include\sol.hpp(1111,33): error C7525: inline variables require at least '/std:c++17'
C:\Users\David\workspaceC++\Libraries\lua\include\sol.hpp(1112,40): error C7525: inline variables require at least '/std:c++17'
C:\Users\David\workspaceC++\Libraries\lua\include\sol.hpp(1113,40): error C7525: inline variables require at least '/std:c++17'
C:\Users\David\workspaceC++\Libraries\lua\include\sol.hpp(1160,25): error C7525: inline variables require at least '/std:c++17'
C:\Users\David\workspaceC++\Libraries\lua\include\sol.hpp(1178,4): warning C4984: 'if constexpr' is a C++17 language extension
C:\Users\David\workspaceC++\Libraries\lua\include\sol.hpp(1189,4): warning C4984: 'if constexpr' is a C++17 language extension
C:\Users\David\workspaceC++\Libraries\lua\include\sol.hpp(1226,33): error C2039: 'basic_string_view': is not a member of 'std'
C:\Program Files (x86)\Microsoft Visual Studio\2019\Community\VC\Tools\MSVC\14.26.28801\include\functional(28): message : see declaration of 'std'
C:\Users\David\workspaceC++\Libraries\lua\include\sol.hpp(1226,56): error C2061: syntax error: identifier 'basic_string_view'
C:\Users\David\workspaceC++\Libraries\lua\include\sol.hpp(1228,15): error C2039: 'string_view': is not a member of 'std'
C:\Program Files (x86)\Microsoft Visual Studio\2019\Community\VC\Tools\MSVC\14.26.28801\include\functional(28): message : see declaration of 'std'
C:\Users\David\workspaceC++\Libraries\lua\include\sol.hpp(1229,15): error C2039: 'wstring_view': is not a member of 'std'
C:\Program Files (x86)\Microsoft Visual Studio\2019\Community\VC\Tools\MSVC\14.26.28801\include\functional(28): message : see declaration of 'std'
C:\Users\David\workspaceC++\Libraries\lua\include\sol.hpp(1229,28): error C2146: syntax error: missing ';' before identifier 'wstring_view'
C:\Users\David\workspaceC++\Libraries\lua\include\sol.hpp(1230,15): error C2039: 'u16string_view': is not a member of 'std'
C:\Program Files (x86)\Microsoft Visual Studio\2019\Community\VC\Tools\MSVC\14.26.28801\include\functional(28): message : see declaration of 'std'
C:\Users\David\workspaceC++\Libraries\lua\include\sol.hpp(1230,30): error C2146: syntax error: missing ';' before identifier 'u16string_view'
C:\Users\David\workspaceC++\Libraries\lua\include\sol.hpp(1231,15): error C2039: 'u32string_view': is not a member of 'std'
C:\Program Files (x86)\Microsoft Visual Studio\2019\Community\VC\Tools\MSVC\14.26.28801\include\functional(28): message : see declaration of 'std'
C:\Users\David\workspaceC++\Libraries\lua\include\sol.hpp(1231,30): error C2146: syntax error: missing ';' before identifier 'u32string_view'
C:\Users\David\workspaceC++\Libraries\lua\include\sol.hpp(1232,25): error C2039: 'string_view': is not a member of 'std'
C:\Program Files (x86)\Microsoft Visual Studio\2019\Community\VC\Tools\MSVC\14.26.28801\include\functional(28): message : see declaration of 'std'
C:\Users\David\workspaceC++\Libraries\lua\include\sol.hpp(1232,36): error C2065: 'string_view': undeclared identifier
C:\Users\David\workspaceC++\Libraries\lua\include\sol.hpp(1232,15): error C2923: 'std::hash': 'string_view' is not a valid template type argument for parameter '_Kty'
C:\Program Files (x86)\Microsoft Visual Studio\2019\Community\VC\Tools\MSVC\14.26.28801\include\memory(424,66): error C2631: 'raw_storage_iterator': a class or enum cannot be defined in an alias template
C:\Users\David\workspaceC++\SDLGame\SDLGame\TextureManager.cpp : error C2988: unrecognizable template declaration/definition
C:\Users\David\workspaceC++\SDLGame\SDLGame\TextureManager.cpp : error C2059: syntax error: 'extern'
C:\Users\David\workspaceC++\SDLGame\SDLGame\TextureManager.cpp : fatal error C1903: unable to recover from previous error(s); stopping compilation
  Generating Code...
